120226 21:43:05 [Note] Plugin 'FEDERATED' is disabled.
120226 21:43:05 InnoDB: The InnoDB memory heap is disabled
120226 21:43:05 InnoDB: Mutexes and rw_locks use Windows interlocked functions
120226 21:43:05 InnoDB: Compressed tables use zlib 1.2.3
120226 21:43:05 InnoDB: Initializing buffer pool, size = 16.0M
120226 21:43:05 InnoDB: Completed initialization of buffer pool
InnoDB: The first specified data file C:\xampp\mysql\data\ibdata1 did not exist:
InnoDB: a new database to be created!
120226 21:43:05  InnoDB: Setting file C:\xampp\mysql\data\ibdata1 size to 10 MB
InnoDB: Database physically writes the file full: wait...
120226 21:43:06  InnoDB: Log file C:\xampp\mysql\data\ib_logfile0 did not exist: new to be created
InnoDB: Setting log file C:\xampp\mysql\data\ib_logfile0 size to 5 MB
InnoDB: Database physically writes the file full: wait...
120226 21:43:06  InnoDB: Log file C:\xampp\mysql\data\ib_logfile1 did not exist: new to be created
InnoDB: Setting log file C:\xampp\mysql\data\ib_logfile1 size to 5 MB
InnoDB: Database physically writes the file full: wait...
InnoDB: Doublewrite buffer not found: creating new
InnoDB: Doublewrite buffer created
InnoDB: 127 rollback segment(s) active.
InnoDB: Creating foreign key constraint system tables
InnoDB: Foreign key constraint system tables created
120226 21:43:08  InnoDB: Waiting for the background threads to start
120226 21:43:09 InnoDB: 1.1.8 started; log sequence number 0
120226 21:43:09 [Note] Event Scheduler: Loaded 0 events
120226 21:43:09 [Note] c:\xampp\mysql\bin\mysqld.exe: ready for connections.
Version: '5.5.16'  socket: ''  port: 3306  MySQL Community Server (GPL)
120227  2:58:50 [Note] c:\xampp\mysql\bin\mysqld.exe: Normal shutdown

120227  2:58:50 [Note] Event Scheduler: Purging the queue. 0 events
120227  2:58:50  InnoDB: Starting shutdown...
120227  2:58:51  InnoDB: Shutdown completed; log sequence number 1595675
120227  2:58:51 [Note] c:\xampp\mysql\bin\mysqld.exe: Shutdown complete

120227 12:10:30 [Note] Plugin 'FEDERATED' is disabled.
120227 12:10:30 InnoDB: The InnoDB memory heap is disabled
120227 12:10:30 InnoDB: Mutexes and rw_locks use Windows interlocked functions
120227 12:10:30 InnoDB: Compressed tables use zlib 1.2.3
120227 12:10:30 InnoDB: Initializing buffer pool, size = 16.0M
120227 12:10:30 InnoDB: Completed initialization of buffer pool
120227 12:10:30 InnoDB: highest supported file format is Barracuda.
120227 12:10:30  InnoDB: Waiting for the background threads to start
120227 12:10:31 InnoDB: 1.1.8 started; log sequence number 1595675
120227 12:10:32 [Note] Event Scheduler: Loaded 0 events
120227 12:10:32 [Note] c:\xampp\mysql\bin\mysqld.exe: ready for connections.
Version: '5.5.16'  socket: ''  port: 3306  MySQL Community Server (GPL)
120228  3:05:41 [Note] c:\xampp\mysql\bin\mysqld.exe: Normal shutdown

120228  3:05:41 [Note] Event Scheduler: Purging the queue. 0 events
120228  3:05:41  InnoDB: Starting shutdown...
120228  3:05:42  InnoDB: Shutdown completed; log sequence number 1595675
120228  3:05:43 [Note] c:\xampp\mysql\bin\mysqld.exe: Shutdown complete

120228  6:36:30 [Note] Plugin 'FEDERATED' is disabled.
120228  6:36:30 InnoDB: The InnoDB memory heap is disabled
120228  6:36:30 InnoDB: Mutexes and rw_locks use Windows interlocked functions
120228  6:36:30 InnoDB: Compressed tables use zlib 1.2.3
120228  6:36:30 InnoDB: Initializing buffer pool, size = 16.0M
120228  6:36:30 InnoDB: Completed initialization of buffer pool
120228  6:36:30 InnoDB: highest supported file format is Barracuda.
120228  6:36:31  InnoDB: Waiting for the background threads to start
120228  6:36:32 InnoDB: 1.1.8 started; log sequence number 1595675
120228  6:36:34 [Note] Event Scheduler: Loaded 0 events
120228  6:36:34 [Note] c:\xampp\mysql\bin\mysqld.exe: ready for connections.
Version: '5.5.16'  socket: ''  port: 3306  MySQL Community Server (GPL)
120228  6:55:59 [Note] c:\xampp\mysql\bin\mysqld.exe: Normal shutdown

120228  6:55:59 [Note] Event Scheduler: Purging the queue. 0 events
120228  6:55:59  InnoDB: Starting shutdown...
120228  6:56:00  InnoDB: Shutdown completed; log sequence number 1595675
120228  6:56:00 [Note] c:\xampp\mysql\bin\mysqld.exe: Shutdown complete

120228 14:58:21 [Note] Plugin 'FEDERATED' is disabled.
120228 14:58:21 InnoDB: The InnoDB memory heap is disabled
120228 14:58:21 InnoDB: Mutexes and rw_locks use Windows interlocked functions
120228 14:58:21 InnoDB: Compressed tables use zlib 1.2.3
120228 14:58:22 InnoDB: Initializing buffer pool, size = 16.0M
120228 14:58:22 InnoDB: Completed initialization of buffer pool
120228 14:58:22 InnoDB: highest supported file format is Barracuda.
120228 14:58:23  InnoDB: Waiting for the background threads to start
120228 14:58:24 InnoDB: 1.1.8 started; log sequence number 1595675
120228 14:58:25 [Note] Event Scheduler: Loaded 0 events
120228 14:58:25 [Note] c:\xampp\mysql\bin\mysqld.exe: ready for connections.
Version: '5.5.16'  socket: ''  port: 3306  MySQL Community Server (GPL)
120229  2:26:24 [Note] c:\xampp\mysql\bin\mysqld.exe: Normal shutdown

120229  2:26:24 [Note] Event Scheduler: Purging the queue. 0 events
120229  2:26:24  InnoDB: Starting shutdown...
120229  2:26:26  InnoDB: Shutdown completed; log sequence number 1595675
120229  2:26:26 [Note] c:\xampp\mysql\bin\mysqld.exe: Shutdown complete

120229 11:57:14 [Note] Plugin 'FEDERATED' is disabled.
120229 11:57:14 InnoDB: The InnoDB memory heap is disabled
120229 11:57:14 InnoDB: Mutexes and rw_locks use Windows interlocked functions
120229 11:57:14 InnoDB: Compressed tables use zlib 1.2.3
120229 11:57:14 InnoDB: Initializing buffer pool, size = 16.0M
120229 11:57:14 InnoDB: Completed initialization of buffer pool
120229 11:57:14 InnoDB: highest supported file format is Barracuda.
120229 11:57:15  InnoDB: Waiting for the background threads to start
120229 11:57:16 InnoDB: 1.1.8 started; log sequence number 1595675
120229 11:57:41 [Note] Event Scheduler: Loaded 0 events
120229 11:57:41 [Note] c:\xampp\mysql\bin\mysqld.exe: ready for connections.
Version: '5.5.16'  socket: ''  port: 3306  MySQL Community Server (GPL)
120229 13:58:49 [Note] c:\xampp\mysql\bin\mysqld.exe: Normal shutdown

120229 13:58:49 [Note] Event Scheduler: Purging the queue. 0 events
120229 13:58:49  InnoDB: Starting shutdown...
120229 13:58:50  InnoDB: Shutdown completed; log sequence number 1595675
120229 13:58:50 [Note] c:\xampp\mysql\bin\mysqld.exe: Shutdown complete

120229 17:43:23 [Note] Plugin 'FEDERATED' is disabled.
120229 17:43:23 InnoDB: The InnoDB memory heap is disabled
120229 17:43:23 InnoDB: Mutexes and rw_locks use Windows interlocked functions
120229 17:43:23 InnoDB: Compressed tables use zlib 1.2.3
120229 17:43:23 InnoDB: Initializing buffer pool, size = 16.0M
120229 17:43:24 InnoDB: Completed initialization of buffer pool
120229 17:43:24 InnoDB: highest supported file format is Barracuda.
120229 17:43:24  InnoDB: Waiting for the background threads to start
120229 17:43:25 InnoDB: 1.1.8 started; log sequence number 1595675
120229 17:43:25 [Note] Event Scheduler: Loaded 0 events
120229 17:43:25 [Note] c:\xampp\mysql\bin\mysqld.exe: ready for connections.
Version: '5.5.16'  socket: ''  port: 3306  MySQL Community Server (GPL)
120301  1:10:47 [Note] c:\xampp\mysql\bin\mysqld.exe: Normal shutdown

120301  1:10:47 [Note] Event Scheduler: Purging the queue. 0 events
120301  1:10:47  InnoDB: Starting shutdown...
120301  1:10:48  InnoDB: Shutdown completed; log sequence number 1595675
120301  1:10:48 [Note] c:\xampp\mysql\bin\mysqld.exe: Shutdown complete

120301  9:29:52 [Note] Plugin 'FEDERATED' is disabled.
120301  9:29:53 InnoDB: The InnoDB memory heap is disabled
120301  9:29:53 InnoDB: Mutexes and rw_locks use Windows interlocked functions
120301  9:29:53 InnoDB: Compressed tables use zlib 1.2.3
120301  9:29:53 InnoDB: Initializing buffer pool, size = 16.0M
120301  9:29:53 InnoDB: Completed initialization of buffer pool
120301  9:29:54 InnoDB: highest supported file format is Barracuda.
120301  9:29:54  InnoDB: Waiting for the background threads to start
120301  9:29:55 InnoDB: 1.1.8 started; log sequence number 1595675
120301  9:29:56 [Note] Event Scheduler: Loaded 0 events
120301  9:29:56 [Note] c:\xampp\mysql\bin\mysqld.exe: ready for connections.
Version: '5.5.16'  socket: ''  port: 3306  MySQL Community Server (GPL)
120301 10:44:07 [Note] c:\xampp\mysql\bin\mysqld.exe: Normal shutdown

120301 10:44:07 [Note] Event Scheduler: Purging the queue. 0 events
120301 10:44:07  InnoDB: Starting shutdown...
120301 10:44:09  InnoDB: Shutdown completed; log sequence number 1595675
120301 10:44:09 [Note] c:\xampp\mysql\bin\mysqld.exe: Shutdown complete

120301 17:51:58 [Note] Plugin 'FEDERATED' is disabled.
120301 17:51:58 InnoDB: The InnoDB memory heap is disabled
120301 17:51:58 InnoDB: Mutexes and rw_locks use Windows interlocked functions
120301 17:51:58 InnoDB: Compressed tables use zlib 1.2.3
120301 17:51:58 InnoDB: Initializing buffer pool, size = 16.0M
120301 17:51:58 InnoDB: Completed initialization of buffer pool
120301 17:51:58 InnoDB: highest supported file format is Barracuda.
120301 17:51:59  InnoDB: Waiting for the background threads to start
120301 17:52:01 InnoDB: 1.1.8 started; log sequence number 1595675
120301 17:52:04 [Note] Event Scheduler: Loaded 0 events
120301 17:52:04 [Note] c:\xampp\mysql\bin\mysqld.exe: ready for connections.
Version: '5.5.16'  socket: ''  port: 3306  MySQL Community Server (GPL)
120302  3:09:02 [Note] c:\xampp\mysql\bin\mysqld.exe: Normal shutdown

120302  3:09:02 [Note] Event Scheduler: Purging the queue. 0 events
120302  3:09:02  InnoDB: Starting shutdown...
120302  3:09:03  InnoDB: Shutdown completed; log sequence number 1595675
120302  3:09:03 [Note] c:\xampp\mysql\bin\mysqld.exe: Shutdown complete

120302 17:55:25 [Note] Plugin 'FEDERATED' is disabled.
120302 17:55:25 InnoDB: The InnoDB memory heap is disabled
120302 17:55:25 InnoDB: Mutexes and rw_locks use Windows interlocked functions
120302 17:55:25 InnoDB: Compressed tables use zlib 1.2.3
120302 17:55:25 InnoDB: Initializing buffer pool, size = 16.0M
120302 17:55:25 InnoDB: Completed initialization of buffer pool
120302 17:55:25 InnoDB: highest supported file format is Barracuda.
120302 17:55:26  InnoDB: Waiting for the background threads to start
120302 17:55:27 InnoDB: 1.1.8 started; log sequence number 1595675
120302 17:55:29 [Note] Event Scheduler: Loaded 0 events
120302 17:55:29 [Note] c:\xampp\mysql\bin\mysqld.exe: ready for connections.
Version: '5.5.16'  socket: ''  port: 3306  MySQL Community Server (GPL)
120303  3:05:48 [Note] c:\xampp\mysql\bin\mysqld.exe: Normal shutdown

120303  3:05:48 [Note] Event Scheduler: Purging the queue. 0 events
120303  3:05:49  InnoDB: Starting shutdown...
120303  3:05:50  InnoDB: Shutdown completed; log sequence number 1595675
120303  3:05:51 [Note] c:\xampp\mysql\bin\mysqld.exe: Shutdown complete

120303 13:39:25 [Note] Plugin 'FEDERATED' is disabled.
120303 13:39:25 InnoDB: The InnoDB memory heap is disabled
120303 13:39:25 InnoDB: Mutexes and rw_locks use Windows interlocked functions
120303 13:39:25 InnoDB: Compressed tables use zlib 1.2.3
120303 13:39:25 InnoDB: Initializing buffer pool, size = 16.0M
120303 13:39:25 InnoDB: Completed initialization of buffer pool
120303 13:39:25 InnoDB: highest supported file format is Barracuda.
120303 13:39:26  InnoDB: Waiting for the background threads to start
120303 13:39:27 InnoDB: 1.1.8 started; log sequence number 1595675
120303 13:39:31 [Note] Event Scheduler: Loaded 0 events
120303 13:39:31 [Note] c:\xampp\mysql\bin\mysqld.exe: ready for connections.
Version: '5.5.16'  socket: ''  port: 3306  MySQL Community Server (GPL)
120304  3:10:52 [Note] c:\xampp\mysql\bin\mysqld.exe: Normal shutdown

120304  3:10:52 [Note] Event Scheduler: Purging the queue. 0 events
120304  3:10:52  InnoDB: Starting shutdown...
120304  3:10:54  InnoDB: Shutdown completed; log sequence number 1595685
120304  3:10:54 [Note] c:\xampp\mysql\bin\mysqld.exe: Shutdown complete

120304 13:22:44 [Note] Plugin 'FEDERATED' is disabled.
120304 13:22:44 InnoDB: The InnoDB memory heap is disabled
120304 13:22:44 InnoDB: Mutexes and rw_locks use Windows interlocked functions
120304 13:22:44 InnoDB: Compressed tables use zlib 1.2.3
120304 13:22:44 InnoDB: Initializing buffer pool, size = 16.0M
120304 13:22:44 InnoDB: Completed initialization of buffer pool
120304 13:22:44 InnoDB: highest supported file format is Barracuda.
120304 13:22:44  InnoDB: Waiting for the background threads to start
120304 13:22:45 InnoDB: 1.1.8 started; log sequence number 1595685
120304 13:22:46 [Note] Event Scheduler: Loaded 0 events
120304 13:22:46 [Note] c:\xampp\mysql\bin\mysqld.exe: ready for connections.
Version: '5.5.16'  socket: ''  port: 3306  MySQL Community Server (GPL)
120305  3:08:33 [Note] c:\xampp\mysql\bin\mysqld.exe: Normal shutdown

120305  3:08:33 [Note] Event Scheduler: Purging the queue. 0 events
120305  3:08:33  InnoDB: Starting shutdown...
120305  3:08:34  InnoDB: Shutdown completed; log sequence number 1595685
120305  3:08:34 [Note] c:\xampp\mysql\bin\mysqld.exe: Shutdown complete

120305 11:32:32 [Note] Plugin 'FEDERATED' is disabled.
120305 11:32:32 InnoDB: The InnoDB memory heap is disabled
120305 11:32:32 InnoDB: Mutexes and rw_locks use Windows interlocked functions
120305 11:32:32 InnoDB: Compressed tables use zlib 1.2.3
120305 11:32:32 InnoDB: Initializing buffer pool, size = 16.0M
120305 11:32:32 InnoDB: Completed initialization of buffer pool
120305 11:32:32 InnoDB: highest supported file format is Barracuda.
120305 11:32:34  InnoDB: Waiting for the background threads to start
120305 11:32:35 InnoDB: 1.1.8 started; log sequence number 1595685
120305 11:32:35 [Note] Event Scheduler: Loaded 0 events
120305 11:32:35 [Note] c:\xampp\mysql\bin\mysqld.exe: ready for connections.
Version: '5.5.16'  socket: ''  port: 3306  MySQL Community Server (GPL)
120305 12:33:54 [Note] c:\xampp\mysql\bin\mysqld.exe: Normal shutdown

120305 12:33:54 [Note] Event Scheduler: Purging the queue. 0 events
120305 12:33:54  InnoDB: Starting shutdown...
120305 12:33:55  InnoDB: Shutdown completed; log sequence number 1595685
120305 12:33:55 [Note] c:\xampp\mysql\bin\mysqld.exe: Shutdown complete

120305 15:32:46 [Note] Plugin 'FEDERATED' is disabled.
120305 15:32:46 InnoDB: The InnoDB memory heap is disabled
120305 15:32:46 InnoDB: Mutexes and rw_locks use Windows interlocked functions
120305 15:32:46 InnoDB: Compressed tables use zlib 1.2.3
120305 15:32:46 InnoDB: Initializing buffer pool, size = 16.0M
120305 15:32:46 InnoDB: Completed initialization of buffer pool
120305 15:32:46 InnoDB: highest supported file format is Barracuda.
120305 15:32:46  InnoDB: Waiting for the background threads to start
120305 15:32:47 InnoDB: 1.1.8 started; log sequence number 1595685
120305 15:32:48 [Note] Event Scheduler: Loaded 0 events
120305 15:32:48 [Note] c:\xampp\mysql\bin\mysqld.exe: ready for connections.
Version: '5.5.16'  socket: ''  port: 3306  MySQL Community Server (GPL)
120306  4:41:51 [Note] c:\xampp\mysql\bin\mysqld.exe: Normal shutdown

120306  4:41:51 [Note] Event Scheduler: Purging the queue. 0 events
120306  4:41:51  InnoDB: Starting shutdown...
120306  4:41:52  InnoDB: Shutdown completed; log sequence number 1595685
120306  4:41:52 [Note] c:\xampp\mysql\bin\mysqld.exe: Shutdown complete

120306 14:01:38 [Note] Plugin 'FEDERATED' is disabled.
120306 14:01:38 InnoDB: The InnoDB memory heap is disabled
120306 14:01:38 InnoDB: Mutexes and rw_locks use Windows interlocked functions
120306 14:01:38 InnoDB: Compressed tables use zlib 1.2.3
120306 14:01:38 InnoDB: Initializing buffer pool, size = 16.0M
120306 14:01:39 InnoDB: Completed initialization of buffer pool
120306 14:01:39 InnoDB: highest supported file format is Barracuda.
120306 14:01:40  InnoDB: Waiting for the background threads to start
120306 14:01:41 InnoDB: 1.1.8 started; log sequence number 1595685
120306 14:01:43 [Note] Event Scheduler: Loaded 0 events
120306 14:01:43 [Note] c:\xampp\mysql\bin\mysqld.exe: ready for connections.
Version: '5.5.16'  socket: ''  port: 3306  MySQL Community Server (GPL)
120306 14:54:13 [Note] c:\xampp\mysql\bin\mysqld.exe: Normal shutdown

120306 14:54:13 [Note] Event Scheduler: Purging the queue. 0 events
120306 14:54:13  InnoDB: Starting shutdown...
120306 14:54:14  InnoDB: Shutdown completed; log sequence number 1595685
120306 14:54:14 [Note] c:\xampp\mysql\bin\mysqld.exe: Shutdown complete

120306 18:42:19 [Note] Plugin 'FEDERATED' is disabled.
120306 18:42:19 InnoDB: The InnoDB memory heap is disabled
120306 18:42:19 InnoDB: Mutexes and rw_locks use Windows interlocked functions
120306 18:42:19 InnoDB: Compressed tables use zlib 1.2.3
120306 18:42:19 InnoDB: Initializing buffer pool, size = 16.0M
120306 18:42:19 InnoDB: Completed initialization of buffer pool
120306 18:42:23 InnoDB: highest supported file format is Barracuda.
120306 18:42:25  InnoDB: Waiting for the background threads to start
120306 18:42:26 InnoDB: 1.1.8 started; log sequence number 1595685
120306 18:42:26 [Note] Event Scheduler: Loaded 0 events
120306 18:42:26 [Note] c:\xampp\mysql\bin\mysqld.exe: ready for connections.
Version: '5.5.16'  socket: ''  port: 3306  MySQL Community Server (GPL)
120307  4:44:26 [Note] c:\xampp\mysql\bin\mysqld.exe: Normal shutdown

120307  4:44:26 [Note] Event Scheduler: Purging the queue. 0 events
120307  4:44:27  InnoDB: Starting shutdown...
120307  4:44:28  InnoDB: Shutdown completed; log sequence number 1595685
120307  4:44:28 [Note] c:\xampp\mysql\bin\mysqld.exe: Shutdown complete

120307 12:27:54 [Note] Plugin 'FEDERATED' is disabled.
120307 12:27:55 InnoDB: The InnoDB memory heap is disabled
120307 12:27:55 InnoDB: Mutexes and rw_locks use Windows interlocked functions
120307 12:27:55 InnoDB: Compressed tables use zlib 1.2.3
120307 12:27:55 InnoDB: Initializing buffer pool, size = 16.0M
120307 12:27:56 InnoDB: Completed initialization of buffer pool
120307 12:27:56 InnoDB: highest supported file format is Barracuda.
120307 12:27:59  InnoDB: Waiting for the background threads to start
120307 12:28:00 InnoDB: 1.1.8 started; log sequence number 1595685
120307 12:28:03 [Note] Event Scheduler: Loaded 0 events
120307 12:28:03 [Note] c:\xampp\mysql\bin\mysqld.exe: ready for connections.
Version: '5.5.16'  socket: ''  port: 3306  MySQL Community Server (GPL)
120308  2:33:36 [Note] c:\xampp\mysql\bin\mysqld.exe: Normal shutdown

120308  2:33:36 [Note] Event Scheduler: Purging the queue. 0 events
120308  2:33:36  InnoDB: Starting shutdown...
120308  2:33:37  InnoDB: Shutdown completed; log sequence number 2249434
120308  2:33:37 [Note] c:\xampp\mysql\bin\mysqld.exe: Shutdown complete

120308 17:00:18 [Note] Plugin 'FEDERATED' is disabled.
120308 17:00:18 InnoDB: The InnoDB memory heap is disabled
120308 17:00:18 InnoDB: Mutexes and rw_locks use Windows interlocked functions
120308 17:00:18 InnoDB: Compressed tables use zlib 1.2.3
120308 17:00:18 InnoDB: Initializing buffer pool, size = 16.0M
120308 17:00:18 InnoDB: Completed initialization of buffer pool
120308 17:00:18 InnoDB: highest supported file format is Barracuda.
120308 17:00:19  InnoDB: Waiting for the background threads to start
120308 17:00:20 InnoDB: 1.1.8 started; log sequence number 2249434
120308 17:00:24 [Note] Event Scheduler: Loaded 0 events
120308 17:00:24 [Note] c:\xampp\mysql\bin\mysqld.exe: ready for connections.
Version: '5.5.16'  socket: ''  port: 3306  MySQL Community Server (GPL)
120308 19:33:45 [Note] Plugin 'FEDERATED' is disabled.
120308 19:33:45 InnoDB: The InnoDB memory heap is disabled
120308 19:33:45 InnoDB: Mutexes and rw_locks use Windows interlocked functions
120308 19:33:45 InnoDB: Compressed tables use zlib 1.2.3
120308 19:33:45 InnoDB: Initializing buffer pool, size = 16.0M
120308 19:33:45 InnoDB: Completed initialization of buffer pool
120308 19:33:46 InnoDB: highest supported file format is Barracuda.
InnoDB: The log sequence number in ibdata files does not match
InnoDB: the log sequence number in the ib_logfiles!
120308 19:33:46  InnoDB: Database was not shut down normally!
InnoDB: Starting crash recovery.
InnoDB: Reading tablespace information from the .ibd files...
InnoDB: Restoring possible half-written data pages from the doublewrite
InnoDB: buffer...
120308 19:33:46  InnoDB: Waiting for the background threads to start
120308 19:33:47 InnoDB: 1.1.8 started; log sequence number 2249444
120308 19:33:47 [Note] Event Scheduler: Loaded 0 events
120308 19:33:47 [Note] D:\xampp\mysql\bin\mysqld.exe: ready for connections.
Version: '5.5.16'  socket: ''  port: 3306  MySQL Community Server (GPL)
